
> app@ deploy /Users/inu/src/reah/products/yamadaryo/packages/app
> wrangler publish

 ⛅️ wrangler 2.15.1 (update available 3.0.1)
--------------------------------------------
Running custom build: pnpm run build

> app@ build /Users/inu/src/reah/products/yamadaryo/packages/app
> remix build

Building Remix app in production mode...
Built in 547ms
Reading build/_shared/chunk-VPLA6LMI.js...
Skipping - already uploaded.
Reading build/_shared/chunk-VSILMI35.js...
Skipping - already uploaded.
Reading build/entry.client-NMPSRWO6.js...
Skipping - already uploaded.
Reading build/manifest-60F4EC06.js...
Uploading as build/manifest-60F4EC06.d44c9ed1b4.js...
Reading build/root-6DVFQZV3.js...
Skipping - already uploaded.
Reading build/routes/_index-TMTN7RO5.js...
Uploading as build/routes/_index-TMTN7RO5.0fe0afa915.js...
Reading favicon.ico...
Skipping - already uploaded.
Deleting build/manifest-C9E8A0E0.bd7f7d6764.js from the asset store...
Deleting build/routes/_index-ZLNDARQ4.f91ce567e7.js from the asset store...
↗️  Done syncing assets
Total Upload: 382.95 KiB / gzip: 98.87 KiB
Uploaded yamadaryo (4.34 sec)
Published yamadaryo (0.34 sec)
  https://yamadaryo.shimahi.workers.dev
Current Deployment ID: 4bbdef92-06ff-47e2-be2a-157dfcd53ca5
